{"/Users/augustoalvarezsmith/Desktop/Swapp/swapp-frontend/src/components/TopSection.vue": {"path":"/Users/augustoalvarezsmith/Desktop/Swapp/swapp-frontend/src/components/TopSection.vue","statementMap":{"0":{"start":{"line":22,"column":0},"end":{"line":22,"column":null}},"1":{"start":{"line":24,"column":0},"end":{"line":24,"column":null}},"2":{"start":{"line":26,"column":0},"end":{"line":26,"column":null}},"3":{"start":{"line":59,"column":0},"end":{"line":59,"column":null}}},"fnMap":{},"branchMap":{},"s":{"0":0,"1":0,"2":0,"3":0},"f":{},"b":{}}
,"/Users/augustoalvarezsmith/Desktop/Swapp/swapp-frontend/src/components/Base/BaseButton.vue": {"path":"/Users/augustoalvarezsmith/Desktop/Swapp/swapp-frontend/src/components/Base/BaseButton.vue","statementMap":{"0":{"start":{"line":31,"column":0},"end":{"line":31,"column":null}},"1":{"start":{"line":32,"column":0},"end":{"line":32,"column":null}},"2":{"start":{"line":34,"column":0},"end":{"line":34,"column":null}},"3":{"start":{"line":42,"column":0},"end":{"line":42,"column":null}},"4":{"start":{"line":43,"column":0},"end":{"line":43,"column":null}},"5":{"start":{"line":44,"column":0},"end":{"line":44,"column":null}},"6":{"start":{"line":45,"column":0},"end":{"line":45,"column":null}},"7":{"start":{"line":46,"column":0},"end":{"line":46,"column":null}},"8":{"start":{"line":47,"column":0},"end":{"line":47,"column":null}},"9":{"start":{"line":48,"column":0},"end":{"line":48,"column":null}},"10":{"start":{"line":49,"column":0},"end":{"line":49,"column":null}},"11":{"start":{"line":50,"column":0},"end":{"line":50,"column":null}},"12":{"start":{"line":51,"column":0},"end":{"line":51,"column":null}},"13":{"start":{"line":92,"column":0},"end":{"line":92,"column":null}}},"fnMap":{},"branchMap":{},"s":{"0":1,"1":1,"2":1,"3":1,"4":1,"5":1,"6":1,"7":1,"8":1,"9":1,"10":1,"11":1,"12":1,"13":1},"f":{},"b":{}}
,"/Users/augustoalvarezsmith/Desktop/Swapp/swapp-frontend/src/components/Base/BaseDatePicker.vue": {"path":"/Users/augustoalvarezsmith/Desktop/Swapp/swapp-frontend/src/components/Base/BaseDatePicker.vue","statementMap":{"0":{"start":{"line":22,"column":0},"end":{"line":22,"column":null}},"1":{"start":{"line":24,"column":0},"end":{"line":24,"column":null}},"2":{"start":{"line":25,"column":0},"end":{"line":25,"column":null}},"3":{"start":{"line":33,"column":0},"end":{"line":33,"column":null}},"4":{"start":{"line":34,"column":0},"end":{"line":34,"column":null}},"5":{"start":{"line":35,"column":0},"end":{"line":35,"column":null}},"6":{"start":{"line":36,"column":0},"end":{"line":36,"column":null}},"7":{"start":{"line":60,"column":0},"end":{"line":60,"column":null}}},"fnMap":{},"branchMap":{},"s":{"0":0,"1":0,"2":0,"3":0,"4":0,"5":0,"6":0,"7":0},"f":{},"b":{}}
,"/Users/augustoalvarezsmith/Desktop/Swapp/swapp-frontend/src/components/Base/BaseForm.vue": {"path":"/Users/augustoalvarezsmith/Desktop/Swapp/swapp-frontend/src/components/Base/BaseForm.vue","statementMap":{"0":{"start":{"line":32,"column":0},"end":{"line":32,"column":null}},"1":{"start":{"line":33,"column":0},"end":{"line":33,"column":null}},"2":{"start":{"line":37,"column":0},"end":{"line":37,"column":null}},"3":{"start":{"line":38,"column":0},"end":{"line":38,"column":null}},"4":{"start":{"line":39,"column":0},"end":{"line":39,"column":null}},"5":{"start":{"line":40,"column":0},"end":{"line":40,"column":null}},"6":{"start":{"line":47,"column":0},"end":{"line":47,"column":null}},"7":{"start":{"line":36,"column":0},"end":{"line":36,"column":null}},"8":{"start":{"line":50,"column":0},"end":{"line":50,"column":null}}},"fnMap":{},"branchMap":{},"s":{"0":0,"1":0,"2":0,"3":0,"4":0,"5":0,"6":0,"7":0,"8":0},"f":{},"b":{}}
,"/Users/augustoalvarezsmith/Desktop/Swapp/swapp-frontend/src/components/Base/BaseHighchart.vue": {"path":"/Users/augustoalvarezsmith/Desktop/Swapp/swapp-frontend/src/components/Base/BaseHighchart.vue","statementMap":{"0":{"start":{"line":10,"column":0},"end":{"line":10,"column":null}},"1":{"start":{"line":75,"column":0},"end":{"line":75,"column":null}},"2":{"start":{"line":76,"column":0},"end":{"line":76,"column":null}},"3":{"start":{"line":77,"column":0},"end":{"line":77,"column":null}},"4":{"start":{"line":78,"column":0},"end":{"line":78,"column":null}},"5":{"start":{"line":79,"column":0},"end":{"line":79,"column":null}},"6":{"start":{"line":80,"column":0},"end":{"line":80,"column":null}},"7":{"start":{"line":81,"column":0},"end":{"line":81,"column":null}},"8":{"start":{"line":82,"column":0},"end":{"line":82,"column":null}},"9":{"start":{"line":83,"column":0},"end":{"line":83,"column":null}},"10":{"start":{"line":74,"column":0},"end":{"line":74,"column":null}},"11":{"start":{"line":116,"column":0},"end":{"line":116,"column":null}}},"fnMap":{},"branchMap":{},"s":{"0":0,"1":0,"2":0,"3":0,"4":0,"5":0,"6":0,"7":0,"8":0,"9":0,"10":0,"11":0},"f":{},"b":{}}
,"/Users/augustoalvarezsmith/Desktop/Swapp/swapp-frontend/src/components/Base/BaseIcon.vue": {"path":"/Users/augustoalvarezsmith/Desktop/Swapp/swapp-frontend/src/components/Base/BaseIcon.vue","statementMap":{"0":{"start":{"line":10,"column":0},"end":{"line":10,"column":null}},"1":{"start":{"line":15,"column":0},"end":{"line":15,"column":null}},"2":{"start":{"line":16,"column":0},"end":{"line":16,"column":null}},"3":{"start":{"line":17,"column":0},"end":{"line":17,"column":null}},"4":{"start":{"line":18,"column":0},"end":{"line":18,"column":null}},"5":{"start":{"line":19,"column":0},"end":{"line":19,"column":null}},"6":{"start":{"line":20,"column":0},"end":{"line":20,"column":null}},"7":{"start":{"line":14,"column":0},"end":{"line":14,"column":null}},"8":{"start":{"line":25,"column":0},"end":{"line":25,"column":null}}},"fnMap":{},"branchMap":{},"s":{"0":1,"1":1,"2":1,"3":1,"4":1,"5":1,"6":1,"7":1,"8":1},"f":{},"b":{}}
,"/Users/augustoalvarezsmith/Desktop/Swapp/swapp-frontend/src/components/Base/BaseModal.vue": {"path":"/Users/augustoalvarezsmith/Desktop/Swapp/swapp-frontend/src/components/Base/BaseModal.vue","statementMap":{"0":{"start":{"line":35,"column":0},"end":{"line":35,"column":null}},"1":{"start":{"line":39,"column":0},"end":{"line":39,"column":null}},"2":{"start":{"line":40,"column":0},"end":{"line":40,"column":null}},"3":{"start":{"line":41,"column":0},"end":{"line":41,"column":null}},"4":{"start":{"line":42,"column":0},"end":{"line":42,"column":null}},"5":{"start":{"line":43,"column":0},"end":{"line":43,"column":null}},"6":{"start":{"line":44,"column":0},"end":{"line":44,"column":null}},"7":{"start":{"line":45,"column":0},"end":{"line":45,"column":null}},"8":{"start":{"line":38,"column":0},"end":{"line":38,"column":null}},"9":{"start":{"line":63,"column":0},"end":{"line":63,"column":null}}},"fnMap":{},"branchMap":{},"s":{"0":0,"1":0,"2":0,"3":0,"4":0,"5":0,"6":0,"7":0,"8":0,"9":0},"f":{},"b":{}}
,"/Users/augustoalvarezsmith/Desktop/Swapp/swapp-frontend/src/components/Base/BaseTable.vue": {"path":"/Users/augustoalvarezsmith/Desktop/Swapp/swapp-frontend/src/components/Base/BaseTable.vue","statementMap":{"0":{"start":{"line":19,"column":0},"end":{"line":19,"column":null}},"1":{"start":{"line":25,"column":0},"end":{"line":25,"column":null}},"2":{"start":{"line":26,"column":0},"end":{"line":26,"column":null}},"3":{"start":{"line":27,"column":0},"end":{"line":27,"column":null}},"4":{"start":{"line":28,"column":0},"end":{"line":28,"column":null}},"5":{"start":{"line":29,"column":0},"end":{"line":29,"column":null}},"6":{"start":{"line":30,"column":0},"end":{"line":30,"column":null}},"7":{"start":{"line":31,"column":0},"end":{"line":31,"column":null}},"8":{"start":{"line":32,"column":0},"end":{"line":32,"column":null}}},"fnMap":{},"branchMap":{},"s":{"0":0,"1":0,"2":0,"3":0,"4":0,"5":0,"6":0,"7":0,"8":0},"f":{},"b":{}}
,"/Users/augustoalvarezsmith/Desktop/Swapp/swapp-frontend/src/components/Chat/Chat.vue": {"path":"/Users/augustoalvarezsmith/Desktop/Swapp/swapp-frontend/src/components/Chat/Chat.vue","statementMap":{"0":{"start":{"line":43,"column":0},"end":{"line":43,"column":null}},"1":{"start":{"line":46,"column":0},"end":{"line":46,"column":null}},"2":{"start":{"line":47,"column":0},"end":{"line":47,"column":null}},"3":{"start":{"line":48,"column":0},"end":{"line":48,"column":null}},"4":{"start":{"line":50,"column":0},"end":{"line":50,"column":null}},"5":{"start":{"line":52,"column":0},"end":{"line":52,"column":null}},"6":{"start":{"line":69,"column":0},"end":{"line":69,"column":null}},"7":{"start":{"line":125,"column":0},"end":{"line":125,"column":null}}},"fnMap":{},"branchMap":{},"s":{"0":0,"1":0,"2":0,"3":0,"4":0,"5":0,"6":0,"7":0},"f":{},"b":{}}
,"/Users/augustoalvarezsmith/Desktop/Swapp/swapp-frontend/src/components/Forms/AuthForm/AuthForm.vue": {"path":"/Users/augustoalvarezsmith/Desktop/Swapp/swapp-frontend/src/components/Forms/AuthForm/AuthForm.vue","statementMap":{"0":{"start":{"line":132,"column":0},"end":{"line":132,"column":null}},"1":{"start":{"line":133,"column":0},"end":{"line":133,"column":null}},"2":{"start":{"line":134,"column":0},"end":{"line":134,"column":null}},"3":{"start":{"line":137,"column":0},"end":{"line":137,"column":null}},"4":{"start":{"line":138,"column":0},"end":{"line":138,"column":null}},"5":{"start":{"line":140,"column":0},"end":{"line":140,"column":null}},"6":{"start":{"line":147,"column":0},"end":{"line":147,"column":null}},"7":{"start":{"line":148,"column":0},"end":{"line":148,"column":null}},"8":{"start":{"line":149,"column":0},"end":{"line":149,"column":null}},"9":{"start":{"line":150,"column":0},"end":{"line":150,"column":null}},"10":{"start":{"line":152,"column":0},"end":{"line":152,"column":null}},"11":{"start":{"line":163,"column":0},"end":{"line":163,"column":null}},"12":{"start":{"line":195,"column":0},"end":{"line":195,"column":null}},"13":{"start":{"line":198,"column":0},"end":{"line":198,"column":null}},"14":{"start":{"line":201,"column":0},"end":{"line":201,"column":null}},"15":{"start":{"line":204,"column":0},"end":{"line":204,"column":null}},"16":{"start":{"line":207,"column":0},"end":{"line":207,"column":null}},"17":{"start":{"line":334,"column":0},"end":{"line":334,"column":null}},"18":{"start":{"line":344,"column":0},"end":{"line":344,"column":null}}},"fnMap":{},"branchMap":{},"s":{"0":0,"1":0,"2":0,"3":0,"4":0,"5":0,"6":0,"7":0,"8":0,"9":0,"10":0,"11":0,"12":0,"13":0,"14":0,"15":0,"16":0,"17":0,"18":0},"f":{},"b":{}}
,"/Users/augustoalvarezsmith/Desktop/Swapp/swapp-frontend/src/components/Forms/NewJobForm/NewJobForm.vue": {"path":"/Users/augustoalvarezsmith/Desktop/Swapp/swapp-frontend/src/components/Forms/NewJobForm/NewJobForm.vue","statementMap":{"0":{"start":{"line":185,"column":0},"end":{"line":185,"column":null}},"1":{"start":{"line":188,"column":0},"end":{"line":188,"column":null}},"2":{"start":{"line":189,"column":0},"end":{"line":189,"column":null}},"3":{"start":{"line":191,"column":0},"end":{"line":191,"column":null}},"4":{"start":{"line":192,"column":0},"end":{"line":192,"column":null}},"5":{"start":{"line":194,"column":0},"end":{"line":194,"column":null}},"6":{"start":{"line":195,"column":0},"end":{"line":195,"column":null}},"7":{"start":{"line":197,"column":0},"end":{"line":197,"column":null}},"8":{"start":{"line":205,"column":0},"end":{"line":205,"column":null}},"9":{"start":{"line":206,"column":0},"end":{"line":206,"column":null}},"10":{"start":{"line":207,"column":0},"end":{"line":207,"column":null}},"11":{"start":{"line":208,"column":0},"end":{"line":208,"column":null}},"12":{"start":{"line":210,"column":0},"end":{"line":210,"column":null}},"13":{"start":{"line":277,"column":0},"end":{"line":277,"column":null}},"14":{"start":{"line":280,"column":0},"end":{"line":280,"column":null}},"15":{"start":{"line":382,"column":0},"end":{"line":382,"column":null}},"16":{"start":{"line":387,"column":0},"end":{"line":387,"column":null}},"17":{"start":{"line":390,"column":0},"end":{"line":390,"column":null}}},"fnMap":{},"branchMap":{},"s":{"0":0,"1":0,"2":0,"3":0,"4":0,"5":0,"6":0,"7":0,"8":0,"9":0,"10":0,"11":0,"12":0,"13":0,"14":0,"15":0,"16":0,"17":0},"f":{},"b":{}}
,"/Users/augustoalvarezsmith/Desktop/Swapp/swapp-frontend/src/components/Highcharts/CurrentMonthChart.vue": {"path":"/Users/augustoalvarezsmith/Desktop/Swapp/swapp-frontend/src/components/Highcharts/CurrentMonthChart.vue","statementMap":{"0":{"start":{"line":17,"column":0},"end":{"line":17,"column":null}},"1":{"start":{"line":18,"column":0},"end":{"line":18,"column":null}},"2":{"start":{"line":102,"column":0},"end":{"line":102,"column":null}}},"fnMap":{},"branchMap":{},"s":{"0":0,"1":0,"2":0},"f":{},"b":{}}
,"/Users/augustoalvarezsmith/Desktop/Swapp/swapp-frontend/src/components/Highcharts/CurrentWeekChart.vue": {"path":"/Users/augustoalvarezsmith/Desktop/Swapp/swapp-frontend/src/components/Highcharts/CurrentWeekChart.vue","statementMap":{"0":{"start":{"line":16,"column":0},"end":{"line":16,"column":null}},"1":{"start":{"line":17,"column":0},"end":{"line":17,"column":null}},"2":{"start":{"line":103,"column":0},"end":{"line":103,"column":null}}},"fnMap":{},"branchMap":{},"s":{"0":0,"1":0,"2":0},"f":{},"b":{}}
,"/Users/augustoalvarezsmith/Desktop/Swapp/swapp-frontend/src/components/Highcharts/HospitalSurveyChart.vue": {"path":"/Users/augustoalvarezsmith/Desktop/Swapp/swapp-frontend/src/components/Highcharts/HospitalSurveyChart.vue","statementMap":{"0":{"start":{"line":14,"column":0},"end":{"line":14,"column":null}},"1":{"start":{"line":15,"column":0},"end":{"line":15,"column":null}},"2":{"start":{"line":16,"column":0},"end":{"line":16,"column":null}},"3":{"start":{"line":114,"column":0},"end":{"line":114,"column":null}}},"fnMap":{},"branchMap":{},"s":{"0":0,"1":0,"2":0,"3":0},"f":{},"b":{}}
,"/Users/augustoalvarezsmith/Desktop/Swapp/swapp-frontend/src/components/Navigation/BottomBar.vue": {"path":"/Users/augustoalvarezsmith/Desktop/Swapp/swapp-frontend/src/components/Navigation/BottomBar.vue","statementMap":{"0":{"start":{"line":24,"column":0},"end":{"line":24,"column":null}},"1":{"start":{"line":25,"column":0},"end":{"line":25,"column":null}},"2":{"start":{"line":28,"column":0},"end":{"line":28,"column":null}},"3":{"start":{"line":29,"column":0},"end":{"line":29,"column":null}},"4":{"start":{"line":32,"column":0},"end":{"line":32,"column":null}},"5":{"start":{"line":34,"column":0},"end":{"line":34,"column":null}},"6":{"start":{"line":36,"column":0},"end":{"line":36,"column":null}},"7":{"start":{"line":50,"column":0},"end":{"line":50,"column":null}},"8":{"start":{"line":53,"column":0},"end":{"line":53,"column":null}},"9":{"start":{"line":115,"column":0},"end":{"line":115,"column":null}}},"fnMap":{},"branchMap":{},"s":{"0":0,"1":0,"2":0,"3":0,"4":0,"5":0,"6":0,"7":0,"8":0,"9":0},"f":{},"b":{}}
,"/Users/augustoalvarezsmith/Desktop/Swapp/swapp-frontend/src/components/Navigation/TopBar.vue": {"path":"/Users/augustoalvarezsmith/Desktop/Swapp/swapp-frontend/src/components/Navigation/TopBar.vue","statementMap":{"0":{"start":{"line":95,"column":0},"end":{"line":95,"column":null}},"1":{"start":{"line":96,"column":0},"end":{"line":96,"column":null}},"2":{"start":{"line":97,"column":0},"end":{"line":97,"column":null}},"3":{"start":{"line":100,"column":0},"end":{"line":100,"column":null}},"4":{"start":{"line":102,"column":0},"end":{"line":102,"column":null}},"5":{"start":{"line":104,"column":0},"end":{"line":104,"column":null}},"6":{"start":{"line":106,"column":0},"end":{"line":106,"column":null}},"7":{"start":{"line":107,"column":0},"end":{"line":107,"column":null}},"8":{"start":{"line":109,"column":0},"end":{"line":109,"column":null}},"9":{"start":{"line":119,"column":0},"end":{"line":119,"column":null}},"10":{"start":{"line":122,"column":0},"end":{"line":122,"column":null}},"11":{"start":{"line":139,"column":0},"end":{"line":139,"column":null}}},"fnMap":{},"branchMap":{},"s":{"0":1,"1":1,"2":1,"3":1,"4":1,"5":1,"6":1,"7":1,"8":1,"9":1,"10":1,"11":1},"f":{},"b":{}}
,"/Users/augustoalvarezsmith/Desktop/Swapp/swapp-frontend/src/components/Tables/AppointmentsTable.vue": {"path":"/Users/augustoalvarezsmith/Desktop/Swapp/swapp-frontend/src/components/Tables/AppointmentsTable.vue","statementMap":{"0":{"start":{"line":44,"column":0},"end":{"line":44,"column":null}},"1":{"start":{"line":45,"column":0},"end":{"line":45,"column":null}},"2":{"start":{"line":46,"column":0},"end":{"line":46,"column":null}},"3":{"start":{"line":47,"column":0},"end":{"line":47,"column":null}},"4":{"start":{"line":48,"column":0},"end":{"line":48,"column":null}},"5":{"start":{"line":95,"column":0},"end":{"line":95,"column":null}}},"fnMap":{},"branchMap":{},"s":{"0":0,"1":0,"2":0,"3":0,"4":0,"5":0},"f":{},"b":{}}
,"/Users/augustoalvarezsmith/Desktop/Swapp/swapp-frontend/src/views/Jobs.vue": {"path":"/Users/augustoalvarezsmith/Desktop/Swapp/swapp-frontend/src/views/Jobs.vue","statementMap":{"0":{"start":{"line":16,"column":0},"end":{"line":16,"column":null}},"1":{"start":{"line":17,"column":0},"end":{"line":17,"column":null}},"2":{"start":{"line":19,"column":0},"end":{"line":19,"column":null}},"3":{"start":{"line":21,"column":0},"end":{"line":21,"column":null}},"4":{"start":{"line":23,"column":0},"end":{"line":23,"column":null}},"5":{"start":{"line":32,"column":0},"end":{"line":32,"column":null}},"6":{"start":{"line":35,"column":0},"end":{"line":35,"column":null}},"7":{"start":{"line":36,"column":0},"end":{"line":36,"column":null}}},"fnMap":{},"branchMap":{},"s":{"0":0,"1":0,"2":0,"3":0,"4":0,"5":0,"6":0,"7":0},"f":{},"b":{}}
,"/Users/augustoalvarezsmith/Desktop/Swapp/swapp-frontend/src/views/LandingPage.vue": {"path":"/Users/augustoalvarezsmith/Desktop/Swapp/swapp-frontend/src/views/LandingPage.vue","statementMap":{"0":{"start":{"line":16,"column":0},"end":{"line":16,"column":null}},"1":{"start":{"line":17,"column":0},"end":{"line":17,"column":null}},"2":{"start":{"line":19,"column":0},"end":{"line":19,"column":null}},"3":{"start":{"line":21,"column":0},"end":{"line":21,"column":null}},"4":{"start":{"line":23,"column":0},"end":{"line":23,"column":null}},"5":{"start":{"line":32,"column":0},"end":{"line":32,"column":null}},"6":{"start":{"line":35,"column":0},"end":{"line":35,"column":null}},"7":{"start":{"line":36,"column":0},"end":{"line":36,"column":null}}},"fnMap":{},"branchMap":{},"s":{"0":0,"1":0,"2":0,"3":0,"4":0,"5":0,"6":0,"7":0},"f":{},"b":{}}
,"/Users/augustoalvarezsmith/Desktop/Swapp/swapp-frontend/src/views/NewSwaper.vue": {"path":"/Users/augustoalvarezsmith/Desktop/Swapp/swapp-frontend/src/views/NewSwaper.vue","statementMap":{"0":{"start":{"line":16,"column":0},"end":{"line":16,"column":null}},"1":{"start":{"line":17,"column":0},"end":{"line":17,"column":null}},"2":{"start":{"line":19,"column":0},"end":{"line":19,"column":null}},"3":{"start":{"line":21,"column":0},"end":{"line":21,"column":null}},"4":{"start":{"line":23,"column":0},"end":{"line":23,"column":null}},"5":{"start":{"line":32,"column":0},"end":{"line":32,"column":null}},"6":{"start":{"line":33,"column":0},"end":{"line":33,"column":null}}},"fnMap":{},"branchMap":{},"s":{"0":0,"1":0,"2":0,"3":0,"4":0,"5":0,"6":0},"f":{},"b":{}}
,"/Users/augustoalvarezsmith/Desktop/Swapp/swapp-frontend/src/views/Profile.vue": {"path":"/Users/augustoalvarezsmith/Desktop/Swapp/swapp-frontend/src/views/Profile.vue","statementMap":{"0":{"start":{"line":15,"column":0},"end":{"line":15,"column":null}},"1":{"start":{"line":16,"column":0},"end":{"line":16,"column":null}},"2":{"start":{"line":18,"column":0},"end":{"line":18,"column":null}},"3":{"start":{"line":25,"column":0},"end":{"line":25,"column":null}}},"fnMap":{},"branchMap":{},"s":{"0":0,"1":0,"2":0,"3":0},"f":{},"b":{}}
}
