TN:
SF:src/components/TopSection.vue
FNF:0
FNH:0
DA:22,0
DA:24,0
DA:26,0
DA:59,0
LF:4
LH:0
BRF:0
BRH:0
end_of_record
TN:
SF:src/components/Base/BaseButton.vue
FNF:0
FNH:0
DA:31,1
DA:32,1
DA:34,1
DA:42,1
DA:43,1
DA:44,1
DA:45,1
DA:46,1
DA:47,1
DA:48,1
DA:49,1
DA:50,1
DA:51,1
DA:92,1
LF:14
LH:14
BRF:0
BRH:0
end_of_record
TN:
SF:src/components/Base/BaseDatePicker.vue
FNF:0
FNH:0
DA:22,0
DA:24,0
DA:25,0
DA:33,0
DA:34,0
DA:35,0
DA:36,0
DA:60,0
LF:8
LH:0
BRF:0
BRH:0
end_of_record
TN:
SF:src/components/Base/BaseForm.vue
FNF:0
FNH:0
DA:32,0
DA:33,0
DA:36,0
DA:37,0
DA:38,0
DA:39,0
DA:40,0
DA:47,0
DA:50,0
LF:9
LH:0
BRF:0
BRH:0
end_of_record
TN:
SF:src/components/Base/BaseHighchart.vue
FNF:0
FNH:0
DA:10,0
DA:74,0
DA:75,0
DA:76,0
DA:77,0
DA:78,0
DA:79,0
DA:80,0
DA:81,0
DA:82,0
DA:83,0
DA:116,0
LF:12
LH:0
BRF:0
BRH:0
end_of_record
TN:
SF:src/components/Base/BaseIcon.vue
FNF:0
FNH:0
DA:10,1
DA:14,1
DA:15,1
DA:16,1
DA:17,1
DA:18,1
DA:19,1
DA:20,1
DA:25,1
LF:9
LH:9
BRF:0
BRH:0
end_of_record
TN:
SF:src/components/Base/BaseModal.vue
FNF:0
FNH:0
DA:35,0
DA:38,0
DA:39,0
DA:40,0
DA:41,0
DA:42,0
DA:43,0
DA:44,0
DA:45,0
DA:63,0
LF:10
LH:0
BRF:0
BRH:0
end_of_record
TN:
SF:src/components/Base/BaseTable.vue
FNF:0
FNH:0
DA:19,0
DA:25,0
DA:26,0
DA:27,0
DA:28,0
DA:29,0
DA:30,0
DA:31,0
DA:32,0
LF:9
LH:0
BRF:0
BRH:0
end_of_record
TN:
SF:src/components/Chat/Chat.vue
FNF:0
FNH:0
DA:43,0
DA:46,0
DA:47,0
DA:48,0
DA:50,0
DA:52,0
DA:69,0
DA:125,0
LF:8
LH:0
BRF:0
BRH:0
end_of_record
TN:
SF:src/components/Forms/AuthForm/AuthForm.vue
FNF:0
FNH:0
DA:132,0
DA:133,0
DA:134,0
DA:137,0
DA:138,0
DA:140,0
DA:147,0
DA:148,0
DA:149,0
DA:150,0
DA:152,0
DA:163,0
DA:195,0
DA:198,0
DA:201,0
DA:204,0
DA:207,0
DA:334,0
DA:344,0
LF:19
LH:0
BRF:0
BRH:0
end_of_record
TN:
SF:src/components/Forms/NewJobForm/NewJobForm.vue
FNF:0
FNH:0
DA:185,0
DA:188,0
DA:189,0
DA:191,0
DA:192,0
DA:194,0
DA:195,0
DA:197,0
DA:205,0
DA:206,0
DA:207,0
DA:208,0
DA:210,0
DA:277,0
DA:280,0
DA:382,0
DA:387,0
DA:390,0
LF:18
LH:0
BRF:0
BRH:0
end_of_record
TN:
SF:src/components/Highcharts/CurrentMonthChart.vue
FNF:0
FNH:0
DA:17,0
DA:18,0
DA:102,0
LF:3
LH:0
BRF:0
BRH:0
end_of_record
TN:
SF:src/components/Highcharts/CurrentWeekChart.vue
FNF:0
FNH:0
DA:16,0
DA:17,0
DA:103,0
LF:3
LH:0
BRF:0
BRH:0
end_of_record
TN:
SF:src/components/Highcharts/HospitalSurveyChart.vue
FNF:0
FNH:0
DA:14,0
DA:15,0
DA:16,0
DA:114,0
LF:4
LH:0
BRF:0
BRH:0
end_of_record
TN:
SF:src/components/Navigation/BottomBar.vue
FNF:0
FNH:0
DA:24,0
DA:25,0
DA:28,0
DA:29,0
DA:32,0
DA:34,0
DA:36,0
DA:50,0
DA:53,0
DA:115,0
LF:10
LH:0
BRF:0
BRH:0
end_of_record
TN:
SF:src/components/Navigation/TopBar.vue
FNF:0
FNH:0
DA:95,1
DA:96,1
DA:97,1
DA:100,1
DA:102,1
DA:104,1
DA:106,1
DA:107,1
DA:109,1
DA:119,1
DA:122,1
DA:139,1
LF:12
LH:12
BRF:0
BRH:0
end_of_record
TN:
SF:src/components/Tables/AppointmentsTable.vue
FNF:0
FNH:0
DA:44,0
DA:45,0
DA:46,0
DA:47,0
DA:48,0
DA:95,0
LF:6
LH:0
BRF:0
BRH:0
end_of_record
TN:
SF:src/views/Jobs.vue
FNF:0
FNH:0
DA:16,0
DA:17,0
DA:19,0
DA:21,0
DA:23,0
DA:32,0
DA:35,0
DA:36,0
LF:8
LH:0
BRF:0
BRH:0
end_of_record
TN:
SF:src/views/LandingPage.vue
FNF:0
FNH:0
DA:16,0
DA:17,0
DA:19,0
DA:21,0
DA:23,0
DA:32,0
DA:35,0
DA:36,0
LF:8
LH:0
BRF:0
BRH:0
end_of_record
TN:
SF:src/views/NewSwaper.vue
FNF:0
FNH:0
DA:16,0
DA:17,0
DA:19,0
DA:21,0
DA:23,0
DA:32,0
DA:33,0
LF:7
LH:0
BRF:0
BRH:0
end_of_record
TN:
SF:src/views/Profile.vue
FNF:0
FNH:0
DA:15,0
DA:16,0
DA:18,0
DA:25,0
LF:4
LH:0
BRF:0
BRH:0
end_of_record
